#
# A fatal error has been detected by the Java Runtime Environment:
#
#  EXCEPTION_ACCESS_VIOLATION (0xc0000005) at pc=0x00007ffa3e23ec54, pid=1304, tid=8176
#
# JRE version: Java(TM) SE Runtime Environment (8.0_71-b15) (build 1.8.0_71-b15)
# Java VM: Java HotSpot(TM) 64-Bit Server VM (25.71-b15 mixed mode windows-amd64 compressed oops)
# Problematic frame:
# C  [OPENGL32.dll+0xdec54]
#
# Failed to write core dump. Minidumps are not enabled by default on client versions of Windows
#
# If you would like to submit a bug report, please visit:
#   http://bugreport.java.com/bugreport/crash.jsp
#

---------------  T H R E A D  ---------------

Current thread (0x0000000012d4a800):  VMThread [stack: 0x0000000012ea0000,0x0000000012fa0000] [id=8176]

siginfo: ExceptionCode=0xc0000005, reading address 0x0000000000000a38

Registers:
RAX=0x0000000000000000, RBX=0x0000000013f7e6e0, RCX=0x0000000000000001, RDX=0x0000000013f7e6e8
RSP=0x0000000012f9f0b8, RBP=0x0000000000000000, RSI=0x0000000000000000, RDI=0x000000001f6d3a40
R8 =0x0000000012f9f168, R9 =0x0000000012d15500, R10=0x0000000000000042, R11=0x0000000012f9ed10
R12=0x0000000000000000, R13=0x0000000013f77460, R14=0x0000000013f772f0, R15=0x0000000000000000
RIP=0x00007ffa3e23ec54, EFLAGS=0x0000000000010287

Top of Stack: (sp=0x0000000012f9f0b8)
0x0000000012f9f0b8:   00007ffa3e67a09b 0000000000000001
0x0000000012f9f0c8:   0000000013f7e6e8 0000000012f9f168
0x0000000012f9f0d8:   0000000012d15500 000000001f6d3a40
0x0000000012f9f0e8:   00007ffa3e64ddfe 0000000013f77220
0x0000000012f9f0f8:   0000000013f70000 0000000013f77230
0x0000000012f9f108:   00007ffa53e2c1b8 000000001f6d65e0
0x0000000012f9f118:   00007ffa3e67fbd0 0000000013f77230
0x0000000012f9f128:   0000000013f79960 0000000013f77440
0x0000000012f9f138:   00007ffa3e67eee3 fffffffffffffffe
0x0000000012f9f148:   0000000012f9f1b0 0000000000000000
0x0000000012f9f158:   00007ffa3e6804a9 000000001f6d3a40
0x0000000012f9f168:   000000001f6d65e0 000000001f6d3a40
0x0000000012f9f178:   00007ffa3e6f57a4 fffffffffffffffe
0x0000000012f9f188:   0000000013f79960 0000000000000001
0x0000000012f9f198:   0000000013f77438 0000000013f772f0
0x0000000012f9f1a8:   00007ffa3e6fdeb1 00007ffa3e830bb0 

Instructions: (pc=0x00007ffa3e23ec54)
0x00007ffa3e23ec34:   cc cc cc cc cc cc 66 0f 1f 44 00 00 8b 05 82 94
0x00007ffa3e23ec44:   01 00 83 f8 40 73 0f 65 48 8b 04 c5 80 14 00 00
0x00007ffa3e23ec54:   ff a0 38 0a 00 00 b8 47 01 00 00 e9 ec d4 ff ff
0x00007ffa3e23ec64:   cc cc cc cc cc cc 66 0f 1f 44 00 00 8b 05 52 94 


Register to memory mapping:

RAX=
[error occurred during error reporting (printing register info), id 0xc0000005]

Stack: [0x0000000012ea0000,0x0000000012fa0000],  sp=0x0000000012f9f0b8,  free space=1020k
Native frames: (J=compiled Java code, j=interpreted, Vv=VM code, C=native code)

VM_Operation (0x0000000002f4f2f0): Exit, mode: safepoint, requested by thread 0x0000000002f50800


---------------  P R O C E S S  ---------------

Java Threads: ( => current thread )
  0x0000000012e0a800 JavaThread "Service Thread" daemon [_thread_blocked, id=6752, stack(0x0000000013690000,0x0000000013790000)]
  0x0000000012d9c800 JavaThread "C1 CompilerThread1" daemon [_thread_blocked, id=7232, stack(0x0000000013590000,0x0000000013690000)]
  0x0000000012d97800 JavaThread "C2 CompilerThread0" daemon [_thread_blocked, id=7596, stack(0x0000000013490000,0x0000000013590000)]
  0x0000000012d95000 JavaThread "Attach Listener" daemon [_thread_blocked, id=4100, stack(0x0000000013390000,0x0000000013490000)]
  0x0000000012d50000 JavaThread "Finalizer" daemon [_thread_blocked, id=1028, stack(0x00000000130a0000,0x00000000131a0000)]
  0x0000000012d4e800 JavaThread "Reference Handler" daemon [_thread_blocked, id=6780, stack(0x0000000012fa0000,0x00000000130a0000)]
  0x0000000002f50800 JavaThread "main" [_thread_blocked, id=7504, stack(0x0000000002e50000,0x0000000002f50000)]

Other Threads:
=>0x0000000012d4a800 VMThread [stack: 0x0000000012ea0000,0x0000000012fa0000] [id=8176]

VM state:at safepoint (shutting down)

VM Mutex/Monitor currently owned by a thread:  ([mutex/lock_event])
[0x000000000170bfb0] Threads_lock - owner thread: 0x0000000012d4a800

Heap:
 def new generation   total 8000K, used 3993K [0x00000000e6e00000, 0x00000000e76a0000, 0x00000000ef400000)
  eden space 7168K,  44% used [0x00000000e6e00000, 0x00000000e7116460, 0x00000000e7500000)
  from space 832K,  99% used [0x00000000e75d0000, 0x00000000e769fff8, 0x00000000e76a0000)
  to   space 832K,   0% used [0x00000000e7500000, 0x00000000e7500000, 0x00000000e75d0000)
 tenured generation   total 17792K, used 1201K [0x00000000ef400000, 0x00000000f0560000, 0x0000000100000000)
   the space 17792K,   6% used [0x00000000ef400000, 0x00000000ef52c458, 0x00000000ef52c600, 0x00000000f0560000)
 Metaspace       used 5570K, capacity 6243K, committed 6528K, reserved 1056768K
  class space    used 526K, capacity 560K, committed 640K, reserved 1048576K

Card table byte_map: [0x0000000001630000,0x0000000001700000] byte_map_base: 0x0000000000ef9000

Polling page: 0x00000000012a0000

CodeCache: size=245760Kb used=2869Kb max_used=2869Kb free=242890Kb
 bounds [0x0000000003050000, 0x0000000003330000, 0x0000000012050000]
 total_blobs=1026 nmethods=639 adapters=301
 compilation: enabled

Compilation events (10 events):
Event: 166.748 Thread 0x0000000012d9c800  636       3       org.newdawn.slick.state.BasicGameState::mouseMoved (1 bytes)
Event: 166.749 Thread 0x0000000012d9c800 nmethod 636 0x000000000330c450 code [0x000000000330c5a0, 0x000000000330c6f0]
Event: 166.896 Thread 0x0000000012d9c800  637   !   3       org.lwjgl.input.Mouse::getEventButton (17 bytes)
Event: 166.897 Thread 0x0000000012d9c800 nmethod 637 0x000000000330bf90 code [0x000000000330c100, 0x000000000330c370]
Event: 166.897 Thread 0x0000000012d9c800  638   !   3       org.lwjgl.input.Mouse::getEventDWheel (17 bytes)
Event: 166.898 Thread 0x0000000012d9c800 nmethod 638 0x000000000330bad0 code [0x000000000330bc40, 0x000000000330beb0]
Event: 166.962 Thread 0x0000000012d9c800  639       3       org.newdawn.slick.Input::anyMouseDown (24 bytes)
Event: 166.963 Thread 0x0000000012d9c800 nmethod 639 0x000000000330b610 code [0x000000000330b780, 0x000000000330ba08]
Event: 228.725 Thread 0x0000000012d9c800  640       3       org.newdawn.slick.AngelCodeFont$CharDef::draw (32 bytes)
Event: 228.875 Thread 0x0000000012d9c800 nmethod 640 0x000000000330b150 code [0x000000000330b2c0, 0x000000000330b4a8]

GC Heap History (2 events):
Event: 3.430 GC heap before
{Heap before GC invocations=0 (full 0):
 def new generation   total 8000K, used 7168K [0x00000000e6e00000, 0x00000000e76a0000, 0x00000000ef400000)
  eden space 7168K, 100% used [0x00000000e6e00000, 0x00000000e7500000, 0x00000000e7500000)
  from space 832K,   0% used [0x00000000e7500000, 0x00000000e7500000, 0x00000000e75d0000)
  to   space 832K,   0% used [0x00000000e75d0000, 0x00000000e75d0000, 0x00000000e76a0000)
 tenured generation   total 17792K, used 0K [0x00000000ef400000, 0x00000000f0560000, 0x0000000100000000)
   the space 17792K,   0% used [0x00000000ef400000, 0x00000000ef400000, 0x00000000ef400200, 0x00000000f0560000)
 Metaspace       used 5294K, capacity 6051K, committed 6272K, reserved 1056768K
  class space    used 520K, capacity 560K, committed 640K, reserved 1048576K
Event: 3.446 GC heap after
Heap after GC invocations=1 (full 0):
 def new generation   total 8000K, used 831K [0x00000000e6e00000, 0x00000000e76a0000, 0x00000000ef400000)
  eden space 7168K,   0% used [0x00000000e6e00000, 0x00000000e6e00000, 0x00000000e7500000)
  from space 832K,  99% used [0x00000000e75d0000, 0x00000000e769fff8, 0x00000000e76a0000)
  to   space 832K,   0% used [0x00000000e7500000, 0x00000000e7500000, 0x00000000e75d0000)
 tenured generation   total 17792K, used 1201K [0x00000000ef400000, 0x00000000f0560000, 0x0000000100000000)
   the space 17792K,   6% used [0x00000000ef400000, 0x00000000ef52c458, 0x00000000ef52c600, 0x00000000f0560000)
 Metaspace       used 5294K, capacity 6051K, committed 6272K, reserved 1056768K
  class space    used 520K, capacity 560K, committed 640K, reserved 1048576K
}

Deoptimization events (1 events):
Event: 383.801 Thread 0x0000000002f50800 Uncommon trap: reason=unstable_if action=reinterpret pc=0x00000000032f0cbc method=org.newdawn.slick.AppGameContainer.gameLoop()V @ 60

Internal exceptions (7 events):
Event: 0.226 Thread 0x0000000002f50800 Exception <a 'java/lang/NoSuchMethodError': Method sun.misc.Unsafe.defineClass(Ljava/lang/String;[BII)Ljava/lang/Class; name or signature does not match> (0x00000000e6e0cf08) thrown at [C:\re\workspace\8-2-build-windows-amd64-cygwin\jdk8u71\5731\hotspot\srº¬ŽÄøÌ?
Event: 0.226 Thread 0x0000000002f50800 Exception <a 'java/lang/NoSuchMethodError': Method sun.misc.Unsafe.prefetchRead(Ljava/lang/Object;J)V name or signature does not match> (0x00000000e6e0d1f0) thrown at [C:\re\workspace\8-2-build-windows-amd64-cygwin\jdk8u71\5731\hotspot\src\share\vm\prims\jˆÏ€;^í?
Event: 0.918 Thread 0x0000000002f50800 Exception <a 'java/security/PrivilegedActionException'> (0x00000000e702b108) thrown at [C:\re\workspace\8-2-build-windows-amd64-cygwin\jdk8u71\5731\hotspot\src\share\vm\prims\jvm.cpp, line 1386]
Event: 0.918 Thread 0x0000000002f50800 Exception <a 'java/security/PrivilegedActionException'> (0x00000000e702b318) thrown at [C:\re\workspace\8-2-build-windows-amd64-cygwin\jdk8u71\5731\hotspot\src\share\vm\prims\jvm.cpp, line 1386]
Event: 0.926 Thread 0x0000000002f50800 Exception <a 'java/security/PrivilegedActionException'> (0x00000000e702eec0) thrown at [C:\re\workspace\8-2-build-windows-amd64-cygwin\jdk8u71\5731\hotspot\src\share\vm\prims\jvm.cpp, line 1386]
Event: 0.926 Thread 0x0000000002f50800 Exception <a 'java/security/PrivilegedActionException'> (0x00000000e702f0d0) thrown at [C:\re\workspace\8-2-build-windows-amd64-cygwin\jdk8u71\5731\hotspot\src\share\vm\prims\jvm.cpp, line 1386]
Event: 3.028 Thread 0x0000000002f50800 Exception <a 'java/lang/NoClassDefFoundError': net/java/games/input/ControllerEnvironment> (0x00000000e7446e58) thrown at [C:\re\workspace\8-2-build-windows-amd64-cygwin\jdk8u71\5731\hotspot\src\share\vm\classfile\systemDictionary.cpp, line 199]

Events (10 events):
Event: 385.010 loading class org/lwjgl/openal/EFX10
Event: 385.010 loading class org/lwjgl/openal/EFX10 done
Event: 385.053 loading class java/util/IdentityHashMap$KeySet
Event: 385.060 loading class java/util/IdentityHashMap$KeySet done
Event: 385.064 loading class java/util/IdentityHashMap$KeyIterator
Event: 385.064 loading class java/util/IdentityHashMap$IdentityHashMapIterator
Event: 385.065 loading class java/util/IdentityHashMap$IdentityHashMapIterator done
Event: 385.065 loading class java/util/IdentityHashMap$KeyIterator done
Event: 385.069 Thread 0x0000000012d92000 Thread exited: 0x0000000012d92000
Event: 385.069 Executing VM operation: Exit


Dynamic libraries:
0x00007ff76a850000 - 0x00007ff76a887000 	C:\Program Files\Java\jre1.8.0_71\bin\javaw.exe
0x00007ffa53df0000 - 0x00007ffa53fc1000 	C:\WINDOWS\SYSTEM32\ntdll.dll
0x00007ffa51ac0000 - 0x00007ffa51b6b000 	C:\WINDOWS\System32\KERNEL32.DLL
0x00007ffa50f80000 - 0x00007ffa5119d000 	C:\WINDOWS\System32\KERNELBASE.dll
0x00007ffa522d0000 - 0x00007ffa52372000 	C:\WINDOWS\System32\ADVAPI32.dll
0x00007ffa53bf0000 - 0x00007ffa53c8e000 	C:\WINDOWS\System32\msvcrt.dll
0x00007ffa52270000 - 0x00007ffa522c9000 	C:\WINDOWS\System32\sechost.dll
0x00007ffa51c10000 - 0x00007ffa51d31000 	C:\WINDOWS\System32\RPCRT4.dll
0x00007ffa52440000 - 0x00007ffa525a5000 	C:\WINDOWS\System32\USER32.dll
0x00007ffa511a0000 - 0x00007ffa511be000 	C:\WINDOWS\System32\win32u.dll
0x00007ffa52390000 - 0x00007ffa523c4000 	C:\WINDOWS\System32\GDI32.dll
0x00007ffa50df0000 - 0x00007ffa50f72000 	C:\WINDOWS\System32\gdi32full.dll
0x00007ffa46660000 - 0x00007ffa468d9000 	C:\WINDOWS\WinSxS\amd64_microsoft.windows.common-controls_6595b64144ccf1df_6.0.14393.0_none_2d0f50fcbdb171b8\COMCTL32.dll
0x00007ffa51380000 - 0x00007ffa51647000 	C:\WINDOWS\System32\combase.dll
0x00007ffa511c0000 - 0x00007ffa512b5000 	C:\WINDOWS\System32\ucrtbase.dll
0x00007ffa51310000 - 0x00007ffa5137a000 	C:\WINDOWS\System32\bcryptPrimitives.dll
0x00007ffa51990000 - 0x00007ffa519be000 	C:\WINDOWS\System32\IMM32.DLL
0x00000000547a0000 - 0x0000000054872000 	C:\Program Files\Java\jre1.8.0_71\bin\msvcr100.dll
0x0000000054bb0000 - 0x000000005543f000 	C:\Program Files\Java\jre1.8.0_71\bin\server\jvm.dll
0x00007ffa53b20000 - 0x00007ffa53b28000 	C:\WINDOWS\System32\PSAPI.DLL
0x00007ffa42690000 - 0x00007ffa42699000 	C:\WINDOWS\SYSTEM32\WSOCK32.dll
0x00007ffa523d0000 - 0x00007ffa5243a000 	C:\WINDOWS\System32\WS2_32.dll
0x00007ffa4daa0000 - 0x00007ffa4dac3000 	C:\WINDOWS\SYSTEM32\WINMM.dll
0x00007ffa4e7a0000 - 0x00007ffa4e7aa000 	C:\WINDOWS\SYSTEM32\VERSION.dll
0x00007ffa4da70000 - 0x00007ffa4da9b000 	C:\WINDOWS\SYSTEM32\WINMMBASE.dll
0x00007ffa512c0000 - 0x00007ffa51302000 	C:\WINDOWS\System32\cfgmgr32.dll
0x00000000554a0000 - 0x00000000554af000 	C:\Program Files\Java\jre1.8.0_71\bin\verify.dll
0x0000000055470000 - 0x0000000055499000 	C:\Program Files\Java\jre1.8.0_71\bin\java.dll
0x0000000054ab0000 - 0x0000000054ac6000 	C:\Program Files\Java\jre1.8.0_71\bin\zip.dll
0x00007ffa525b0000 - 0x00007ffa53ab8000 	C:\WINDOWS\System32\SHELL32.dll
0x00007ffa50710000 - 0x00007ffa50dea000 	C:\WINDOWS\System32\windows.storage.dll
0x00007ffa50260000 - 0x00007ffa502ac000 	C:\WINDOWS\System32\powrprof.dll
0x00007ffa52210000 - 0x00007ffa52262000 	C:\WINDOWS\System32\shlwapi.dll
0x00007ffa50250000 - 0x00007ffa5025f000 	C:\WINDOWS\System32\kernel.appcore.dll
0x00007ffa50380000 - 0x00007ffa50429000 	C:\WINDOWS\System32\shcore.dll
0x00007ffa502c0000 - 0x00007ffa502d4000 	C:\WINDOWS\System32\profapi.dll
0x0000000180000000 - 0x0000000180053000 	C:\Users\Cassidy\OneDrive\Radford University\Year 3 Sem 1\ITEC 220\lwjgl-2.9.3\native\windows\lwjgl64.dll
0x00007ffa3e160000 - 0x00007ffa3e283000 	C:\WINDOWS\SYSTEM32\OPENGL32.dll
0x00007ffa45d40000 - 0x00007ffa45d6d000 	C:\WINDOWS\SYSTEM32\GLU32.dll
0x00007ffa3d780000 - 0x00007ffa3d877000 	C:\WINDOWS\SYSTEM32\DDRAW.dll
0x00007ffa489e0000 - 0x00007ffa489e8000 	C:\WINDOWS\SYSTEM32\DCIMAN32.dll
0x00007ffa4e150000 - 0x00007ffa4e1e5000 	C:\WINDOWS\system32\uxtheme.dll
0x00007ffa53c90000 - 0x00007ffa53deb000 	C:\WINDOWS\System32\MSCTF.dll
0x00007ffa53b30000 - 0x00007ffa53bef000 	C:\WINDOWS\System32\OLEAUT32.dll
0x00007ffa502e0000 - 0x00007ffa5037c000 	C:\WINDOWS\System32\msvcp_win.dll
0x00007ffa457a0000 - 0x00007ffa457cc000 	C:\PROGRA~2\RAPTRI~1\PlaysTV\ltc_help64-118416.dll
0x00007ffa50430000 - 0x00007ffa50485000 	C:\WINDOWS\System32\WINTRUST.dll
0x00007ffa502b0000 - 0x00007ffa502c0000 	C:\WINDOWS\System32\MSASN1.dll
0x00007ffa50540000 - 0x00007ffa50708000 	C:\WINDOWS\System32\CRYPT32.dll
0x00007ffa4d790000 - 0x00007ffa4d7b6000 	C:\WINDOWS\system32\dwmapi.dll
0x00007ffa45d20000 - 0x00007ffa45d38000 	C:\WINDOWS\SYSTEM32\atig6pxx.dll
0x00000000529a0000 - 0x00000000547a0000 	C:\WINDOWS\SYSTEM32\atio6axx.dll
0x00007ffa51de0000 - 0x00007ffa52209000 	C:\WINDOWS\System32\SETUPAPI.dll
0x00007ffa3e010000 - 0x00007ffa3e151000 	C:\WINDOWS\SYSTEM32\atiadlxx.dll
0x00007ffa517f0000 - 0x00007ffa51927000 	C:\WINDOWS\System32\ole32.dll
0x00007ffa4d600000 - 0x00007ffa4d785000 	C:\WINDOWS\SYSTEM32\PROPSYS.dll
0x00007ffa4f5d0000 - 0x00007ffa4f5ef000 	C:\WINDOWS\SYSTEM32\USERENV.dll
0x00007ffa4d5e0000 - 0x00007ffa4d5f3000 	C:\WINDOWS\SYSTEM32\WTSAPI32.dll
0x00007ffa4f4d0000 - 0x00007ffa4f508000 	C:\WINDOWS\SYSTEM32\IPHLPAPI.DLL
0x00007ffa4e570000 - 0x00007ffa4e598000 	C:\WINDOWS\SYSTEM32\DEVOBJ.dll
0x00007ffa45cf0000 - 0x00007ffa45d1c000 	C:\WINDOWS\SYSTEM32\atig6txx.dll
0x00007ffa45ea0000 - 0x00007ffa45f31000 	C:\WINDOWS\SYSTEM32\mscms.dll
0x00007ffa46c10000 - 0x00007ffa46c52000 	C:\WINDOWS\SYSTEM32\icm32.dll
0x0000000052800000 - 0x0000000052998000 	C:\Program Files\Java\jre1.8.0_71\bin\awt.dll
0x00007ffa4df10000 - 0x00007ffa4df8a000 	C:\WINDOWS\SYSTEM32\apphelp.dll
0x00007ffa4fe20000 - 0x00007ffa4fe37000 	C:\WINDOWS\System32\CRYPTSP.dll
0x00007ffa4f8f0000 - 0x00007ffa4f923000 	C:\WINDOWS\system32\rsaenh.dll
0x00007ffa50190000 - 0x00007ffa501bb000 	C:\WINDOWS\SYSTEM32\bcrypt.dll
0x00007ffa4fa10000 - 0x00007ffa4fa1b000 	C:\WINDOWS\SYSTEM32\CRYPTBASE.dll
0x00007ffa51bf0000 - 0x00007ffa51c0c000 	C:\WINDOWS\System32\imagehlp.dll
0x00007ffa4e8b0000 - 0x00007ffa4e8d3000 	C:\WINDOWS\SYSTEM32\gpapi.dll
0x00007ffa49db0000 - 0x00007ffa49ddf000 	C:\Windows\System32\cryptnet.dll
0x00007ffa49700000 - 0x00007ffa4970b000 	C:\WINDOWS\SYSTEM32\WINNSI.DLL
0x00007ffa52380000 - 0x00007ffa52388000 	C:\WINDOWS\System32\NSI.dll
0x00007ffa3e610000 - 0x00007ffa3e84d000 	C:\PROGRA~2\RAPTRI~1\PlaysTV\ltc_game64-118416.dll
0x00007ffa4fc50000 - 0x00007ffa4fde2000 	C:\WINDOWS\SYSTEM32\dbghelp.dll

VM Arguments:
jvm_args: -Djava.library.path=C:\Users\Cassidy\OneDrive\Radford University\Year 3 Sem 1\ITEC 220\lwjgl-2.9.3\native\windows -Dfile.encoding=Cp1252 
java_command: javagame.Game
java_class_path (initial): C:\Users\Cassidy\OneDrive\Radford University\Year 3 Sem 1\ITEC 220\Game\bin;C:\Users\Cassidy\OneDrive\Radford University\Year 3 Sem 1\ITEC 220\slick\lib\slick.jar;C:\Users\Cassidy\OneDrive\Radford University\Year 3 Sem 1\ITEC 220\lwjgl-2.9.3\jar\lwjgl.jar
Launcher Type: SUN_STANDARD

Environment Variables:
JAVA_HOME=C:\Program Files\Java\jdk1.8.0_60\bin
PATH=C:/Program Files/Java/jre1.8.0_71/bin/server;C:/Program Files/Java/jre1.8.0_71/bin;C:/Program Files/Java/jre1.8.0_71/lib/amd64;C:\ProgramData\Oracle\Java\javapath;C:\Program Files (x86)\AMD APP\bin\x86_64;C:\Program Files (x86)\AMD APP\bin\x86;C:\WINDOWS\system32;C:\WINDOWS;C:\WINDOWS\System32\Wbem;C:\WINDOWS\System32\WindowsPowerShell\v1.0\;C:\Program Files (x86)\ATI Technologies\ATI.ACE\Core-Static;C:\Program Files\jEdit;C:\Program Files (x86)\Java\jdk1.8.0_60\bin;C:\WINDOWS\system32;C:\WINDOWS;C:\WINDOWS\System32\Wbem;C:\WINDOWS\System32\WindowsPowerShell\v1.0\;C:\WINDOWS\system32\config\systemprofile\.dnx\bin;C:\Program Files\Microsoft DNX\Dnvm\;C:\Program Files\Microsoft SQL Server\130\Tools\Binn\;C:\Users\Cassidy\AppData\Local\Microsoft\WindowsApps;;C:\Users\Cassidy\Desktop\eclipse-java-neon-1a-win32-x86_64\eclipse;
USERNAME=Cassidy
OS=Windows_NT
PROCESSOR_IDENTIFIER=AMD64 Family 20 Model 2 Stepping 0, AuthenticAMD



---------------  S Y S T E M  ---------------

OS: Windows 10.0 , 64 bit Build 14393 (10.0.14393.0)

CPU:total 2 (2 cores per cpu, 1 threads per core) family 20 model 2 stepping 0, cmov, cx8, fxsr, mmx, sse, sse2, sse3, ssse3, popcnt, mmxext, lzcnt, sse4a, tsc, tscinvbit, tscinv

Memory: 4k page, physical 1644808k(403996k free), swap 5576968k(2352720k free)

vm_info: Java HotSpot(TM) 64-Bit Server VM (25.71-b15) for windows-amd64 JRE (1.8.0_71-b15), built on Dec 22 2015 18:15:55 by "java_re" with MS VC++ 10.0 (VS2010)

time: Sun Nov 27 15:30:00 2016
elapsed time: 385 seconds (0d 0h 6m 25s)

